Change Component Designator: Old Designator=C110 New Designator=C100
Change Component Designator: Old Designator=C111 New Designator=C101
Change Component Designator: Old Designator=C112 New Designator=C102
Change Component Designator: Old Designator=C113 New Designator=C106
Change Component Designator: Old Designator=C114 New Designator=C104
Change Component Designator: Old Designator=C115 New Designator=C105
Change Component Designator: Old Designator=C116 New Designator=C103
Change Component Designator: Old Designator=C117 New Designator=C119
Change Component Designator: Old Designator=C118 New Designator=C120
Change Component Designator: Old Designator=C119 New Designator=C111
Change Component Designator: Old Designator=C120 New Designator=C112
Change Component Designator: Old Designator=C121 New Designator=C113
Change Component Designator: Old Designator=C122 New Designator=C107
Change Component Designator: Old Designator=C123 New Designator=C108
Change Component Designator: Old Designator=C124 New Designator=C115
Change Component Designator: Old Designator=C125 New Designator=C118
Change Component Designator: Old Designator=C126 New Designator=C124
Change Component Designator: Old Designator=C127 New Designator=C125
Change Component Designator: Old Designator=C128 New Designator=C126
Change Component Designator: Old Designator=C129 New Designator=C116
Change Component Designator: Old Designator=C130 New Designator=C117
Change Component Designator: Old Designator=C131 New Designator=C121
Change Component Designator: Old Designator=C132 New Designator=C129
Change Component Designator: Old Designator=C133 New Designator=C128
Change Component Designator: Old Designator=C134 New Designator=C122
Change Component Designator: Old Designator=C135 New Designator=C123
Change Component Designator: Old Designator=C136 New Designator=C127
Change Component Designator: Old Designator=C137 New Designator=C130
Change Component Designator: Old Designator=C142 New Designator=C110
Change Component Designator: Old Designator=C143 New Designator=C109
Change Component Designator: Old Designator=C144 New Designator=C114
Change Component Designator: Old Designator=CREFA1 New Designator=CREFA100
Change Component Designator: Old Designator=CREFB1 New Designator=CREFB100
Change Component Designator: Old Designator=CREFC1 New Designator=CREFC100
Change Component Designator: Old Designator=CREFD1 New Designator=CREFD100
Change Component Designator: Old Designator=FB3 New Designator=FB100
Change Component Designator: Old Designator=FB4 New Designator=FB101
Change Component Designator: Old Designator=HP1 New Designator=HP100
Change Component Designator: Old Designator=HP2 New Designator=HP101
Change Component Designator: Old Designator=HP3 New Designator=HP102
Change Component Designator: Old Designator=HP4 New Designator=HP103
Change Component Designator: Old Designator=M1 New Designator=M100
Change Component Designator: Old Designator=M2 New Designator=M102
Change Component Designator: Old Designator=M3 New Designator=M101
Change Component Designator: Old Designator=M4 New Designator=M103
Change Component Designator: Old Designator=P1A New Designator=P100
Change Component Designator: Old Designator=P1B New Designator=P102
Change Component Designator: Old Designator=P1C New Designator=P106
Change Component Designator: Old Designator=P1D New Designator=P107
Change Component Designator: Old Designator=P1MT New Designator=P101
Change Component Designator: Old Designator=P9 New Designator=P103
Change Component Designator: Old Designator=P10 New Designator=P104
Change Component Designator: Old Designator=P24 New Designator=P105
Change Component Designator: Old Designator=R126 New Designator=R100
Change Component Designator: Old Designator=R127 New Designator=R101
Change Component Designator: Old Designator=U26 New Designator=U100
Change Component Designator: Old Designator=U32 New Designator=U101
Change Component Designator: Old Designator=U33 New Designator=U102
Change Component Designator: Old Designator=U34 New Designator=U103
