Change Component Designator: Old Designator=C11 New Designator=C206
Change Component Designator: Old Designator=C12 New Designator=C204
Change Component Designator: Old Designator=C13 New Designator=C205
Change Component Designator: Old Designator=C15 New Designator=C219
Change Component Designator: Old Designator=C16 New Designator=C220
Change Component Designator: Old Designator=C17 New Designator=C212
Change Component Designator: Old Designator=C22 New Designator=C213
Change Component Designator: Old Designator=C30 New Designator=C214
Change Component Designator: Old Designator=C34 New Designator=C218
Change Component Designator: Old Designator=C35 New Designator=C224
Change Component Designator: Old Designator=C36 New Designator=C225
Change Component Designator: Old Designator=C37 New Designator=C226
Change Component Designator: Old Designator=C42 New Designator=C221
Change Component Designator: Old Designator=C63 New Designator=C229
Change Component Designator: Old Designator=C64 New Designator=C228
Change Component Designator: Old Designator=C69 New Designator=C230
Change Component Designator: Old Designator=C145 New Designator=C209
Change Component Designator: Old Designator=C146 New Designator=C210
Change Component Designator: Old Designator=C147 New Designator=C211
Change Component Designator: Old Designator=C? New Designator=C200
Change Component Designator: Old Designator=C? New Designator=C201
Change Component Designator: Old Designator=C? New Designator=C202
Change Component Designator: Old Designator=C? New Designator=C203
Change Component Designator: Old Designator=C? New Designator=C207
Change Component Designator: Old Designator=C? New Designator=C208
Change Component Designator: Old Designator=C? New Designator=C215
Change Component Designator: Old Designator=C? New Designator=C216
Change Component Designator: Old Designator=C? New Designator=C217
Change Component Designator: Old Designator=C? New Designator=C222
Change Component Designator: Old Designator=C? New Designator=C223
Change Component Designator: Old Designator=C? New Designator=C227
Change Component Designator: Old Designator=CREFA2 New Designator=CREFA200
Change Component Designator: Old Designator=CREFB? New Designator=CREFB200
Change Component Designator: Old Designator=CREFC2 New Designator=CREFC200
Change Component Designator: Old Designator=CREFD2 New Designator=CREFD200
Change Component Designator: Old Designator=FB1 New Designator=FB200
Change Component Designator: Old Designator=FB2 New Designator=FB201
Change Component Designator: Old Designator=HP5 New Designator=HP200
Change Component Designator: Old Designator=P2MT New Designator=P202
Change Component Designator: Old Designator=P4 New Designator=P204
Change Component Designator: Old Designator=P5 New Designator=P206
Change Component Designator: Old Designator=P12 New Designator=P205
Change Component Designator: Old Designator=P27 New Designator=P200
Change Component Designator: Old Designator=P? New Designator=P201
Change Component Designator: Old Designator=P? New Designator=P203
Change Component Designator: Old Designator=P? New Designator=P207
Change Component Designator: Old Designator=P? New Designator=P208
Change Component Designator: Old Designator=R4 New Designator=R200
Change Component Designator: Old Designator=R5 New Designator=R202
Change Component Designator: Old Designator=R41 New Designator=R201
Change Component Designator: Old Designator=U10 New Designator=U201
Change Component Designator: Old Designator=U11 New Designator=U202
Change Component Designator: Old Designator=U20 New Designator=U203
Change Component Designator: Old Designator=U27 New Designator=U200
