Change Component Designator: Old Designator=C39 New Designator=C26
Change Component Designator: Old Designator=C40 New Designator=C27
Change Component Designator: Old Designator=C50 New Designator=C28
Change Component Designator: Old Designator=C51 New Designator=C29
Change Component Designator: Old Designator=C52 New Designator=C30
Change Component Designator: Old Designator=C53 New Designator=C31
Change Component Designator: Old Designator=C54 New Designator=C32
Change Component Designator: Old Designator=C55 New Designator=C33
Change Component Designator: Old Designator=C56 New Designator=C34
Change Component Designator: Old Designator=C57 New Designator=C22
Change Component Designator: Old Designator=C58 New Designator=C24
Change Component Designator: Old Designator=C59 New Designator=C23
Change Component Designator: Old Designator=C60 New Designator=C25
Change Component Designator: Old Designator=C61 New Designator=C35
Change Component Designator: Old Designator=C62 New Designator=C36
Change Component Designator: Old Designator=C? New Designator=C20
Change Component Designator: Old Designator=C? New Designator=C21
Change Component Designator: Old Designator=L1 New Designator=L20
Change Component Designator: Old Designator=R1 New Designator=R22
Change Component Designator: Old Designator=R2 New Designator=R21
Change Component Designator: Old Designator=R? New Designator=R20
Change Component Designator: Old Designator=SB1 New Designator=SB20
Change Component Designator: Old Designator=SB2 New Designator=SB22
Change Component Designator: Old Designator=SB3 New Designator=SB21
Change Component Designator: Old Designator=U1 New Designator=U20
Change Component Designator: Old Designator=U1 New Designator=U20
Change Component Designator: Old Designator=X1 New Designator=X20
